<?xml version="1.0" encoding="UTF-8"?>
<testng-results skipped="0" failed="0" total="4" passed="4">
  <reporter-output>
  </reporter-output>
  <suite name="TestNG-Suite" duration-ms="43458" started-at="2019-04-26T06:43:06Z" finished-at="2019-04-26T06:43:50Z">
    <groups>
    </groups>
    <test name="PP" duration-ms="128" started-at="2019-04-26T06:43:06Z" finished-at="2019-04-26T06:43:06Z">
      <class name="com.suite4.Testing">
        <test-method status="PASS" signature="jTest()[pri:0, instance:com.suite4.Testing@18067a5]" name="jTest" duration-ms="39" started-at="2019-04-26T12:13:06Z" finished-at="2019-04-26T12:13:06Z">
          <reporter-output>
          </reporter-output>
        </test-method> <!-- jTest -->
      </class> <!-- com.suite4.Testing -->
    </test> <!-- PP -->
    <test name="Google" duration-ms="37617" started-at="2019-04-26T06:43:07Z" finished-at="2019-04-26T06:43:44Z">
      <class name="com.suite3.Google">
        <test-method status="PASS" signature="test3()[pri:0, instance:com.suite3.Google@dafa95]" name="test3" duration-ms="37613" started-at="2019-04-26T12:13:07Z" finished-at="2019-04-26T12:13:44Z">
          <reporter-output>
          </reporter-output>
        </test-method> <!-- test3 -->
      </class> <!-- com.suite3.Google -->
    </test> <!-- Google -->
    <test name="Snapdeal" duration-ms="41954" started-at="2019-04-26T06:43:06Z" finished-at="2019-04-26T06:43:48Z">
      <class name="com.suite2.Snapdeel">
        <test-method status="PASS" signature="test2()[pri:0, instance:com.suite2.Snapdeel@ebc39e]" name="test2" duration-ms="41868" started-at="2019-04-26T12:13:06Z" finished-at="2019-04-26T12:13:48Z">
          <reporter-output>
          </reporter-output>
        </test-method> <!-- test2 -->
      </class> <!-- com.suite2.Snapdeel -->
    </test> <!-- Snapdeal -->
    <test name="Flipkart" duration-ms="43458" started-at="2019-04-26T06:43:06Z" finished-at="2019-04-26T06:43:50Z">
      <class name="com.suite1.Flipkart">
        <test-method status="PASS" signature="test1()[pri:0, instance:com.suite1.Flipkart@1caeb3e]" name="test1" duration-ms="43373" started-at="2019-04-26T12:13:06Z" finished-at="2019-04-26T12:13:50Z">
          <reporter-output>
          </reporter-output>
        </test-method> <!-- test1 -->
      </class> <!-- com.suite1.Flipkart -->
    </test> <!-- Flipkart -->
  </suite> <!-- TestNG-Suite -->
</testng-results>
